<?xml version="1.0" encoding="UTF-8"?>
<testng-results ignored="0" total="2" passed="2" failed="0" skipped="0">
  <reporter-output>
  </reporter-output>
  <suite started-at="2023-08-24T08:32:28Z" name="Suite" finished-at="2023-08-24T08:33:12Z" duration-ms="43776">
    <groups>
    </groups>
    <test started-at="2023-08-24T08:32:28Z" name="Test" finished-at="2023-08-24T08:33:12Z" duration-ms="43776">
      <class name="capstone_UseCase1.CapstoneScenario2Test">
        <test-method signature="mainTest()[pri:0, instance:capstone_UseCase1.CapstoneScenario2Test@1c93f6e1]" started-at="2023-08-24T14:02:54Z" name="mainTest" finished-at="2023-08-24T14:03:12Z" duration-ms="17633" status="PASS">
          <reporter-output>
          </reporter-output>
        </test-method> <!-- mainTest -->
      </class> <!-- capstone_UseCase1.CapstoneScenario2Test -->
      <class name="capstone_UseCase1.CapstoneScenario1Test">
        <test-method signature="mainTest()[pri:0, instance:capstone_UseCase1.CapstoneScenario1Test@14fc1f0]" started-at="2023-08-24T14:02:28Z" name="mainTest" finished-at="2023-08-24T14:02:54Z" duration-ms="26116" status="PASS">
          <reporter-output>
          </reporter-output>
        </test-method> <!-- mainTest -->
      </class> <!-- capstone_UseCase1.CapstoneScenario1Test -->
    </test> <!-- Test -->
  </suite> <!-- Suite -->
</testng-results>
